<?xml version="1.0" encoding="UTF-8"?>
<!-- This is a GeChiUI eXtended RSS file generated by GeChiUI as an export of your blog. -->
<!-- It contains information about your blog's posts, comments, and categories. -->
<!-- You may use this file to transfer that content from one site to another. -->
<!-- This file is not intended to serve as a complete backup of your blog. -->

<!-- To import this information into a GeChiUI blog follow these steps. -->
<!-- 1. Log into that blog as an administrator. -->
<!-- 2. Go to Tools: Import in the blog's admin panels (or Manage: Import in older versions of GeChiUI). -->
<!-- 3. Choose "GeChiUI" from the list. -->
<!-- 4. Upload this file using the form provided on that page. -->
<!-- 5. You will first be asked to map the authors in this export file to users -->
<!--    on the blog.  For each author, you may choose to map to an -->
<!--    existing user on the blog or to create a new user -->
<!-- 6. GeChiUI will then import each of the posts, comments, and categories -->
<!--    contained in this file into your blog -->

<!-- generator="GeChiUI/2.8.4" created="2009-12-04 09:06"-->
<rss version="2.0"
	xmlns:excerpt="http://www.gechiui.com/export/1.0/excerpt/"
	xmlns:content="http://purl.org/rss/1.0/modules/content/"
	xmlns:wfw="http://wellformedweb.org/CommentAPI/"
	xmlns:dc="http://purl.org/dc/elements/1.1/"
	xmlns:gc="http://www.gechiui.com/export/1.0/"
>

<channel>
	<title>Test With Serialized Postmeta</title>
	<link>http://test.gechiui.com/</link>
	<description>Just another blog</description>
	<pubDate>Mon, 30 Nov 2009 21:35:27 +0000</pubDate>
	<generator>http://www.gechiui.com/?v=2.8.4</generator>
	<language>en</language>
	<gc:wxr_version>1.0</gc:wxr_version>
	<gc:base_site_url>http://test.gechiui.com/</gc:base_site_url>
	<gc:base_blog_url>http://test.gechiui.com/</gc:base_blog_url>
		<item>
<title>My Entry with Postmeta</title>
<link>http://test.gechiui.com/postemta</link>
<pubDate>Tue, 30 Nov 1999 00:00:00 +0000</pubDate>
<dc:creator><![CDATA[johncoswell]]></dc:creator>

		<category><![CDATA[Uncategorized]]></category>

		<category domain="category" nicename="uncategorized"><![CDATA[Uncategorized]]></category>

<guid isPermaLink="false">http://test.gechiui.com/postmeta</guid>
<description></description>
<content:encoded><![CDATA[This is my content]]></content:encoded>
<excerpt:encoded><![CDATA[]]></excerpt:encoded>
<gc:post_id>10</gc:post_id>
<gc:post_date>2009-10-20 16:13:20</gc:post_date>
<gc:post_date_gmt>0000-00-00 00:00:00</gc:post_date_gmt>
<gc:comment_status>open</gc:comment_status>
<gc:ping_status>open</gc:ping_status>
<gc:post_name></gc:post_name>
<gc:status>draft</gc:status>
<gc:post_parent>0</gc:post_parent>
<gc:menu_order>0</gc:menu_order>
<gc:post_type>post</gc:post_type>
<gc:post_password></gc:post_password>
<gc:postmeta>
<gc:meta_key>post-options</gc:meta_key>
<gc:meta_value><![CDATA[a:2:{s:18:"special_post_title";s:15:"A special title";s:11:"is_calendar";s:0:"";}]]></gc:meta_value>
</gc:postmeta>
<gc:postmeta>
<gc:meta_key>contains-html</gc:meta_key>
<gc:meta_value><![CDATA[<pre>some html</pre>]]></gc:meta_value>
</gc:postmeta>
<gc:postmeta>
<gc:meta_key>evil</gc:meta_key>
<gc:meta_value><![CDATA[<gc:meta_value>evil</gc:meta_value>]]></gc:meta_value>
</gc:postmeta>

	</item>
	</channel>
</rss>
